android/app/build/intermediates/manifest_merge_blame_file/debug/processDebugMainManifest/manifest-merger-blame-debug-report.txt
1<?xml version="1.0" encoding="utf-8"?>
2<manifest xmlns:android="http://schemas.android.com/apk/res/android"
3    package="com.venuebot"
4    android:versionCode="1"
5    android:versionName="1.0" >
6
7    <uses-sdk
8        android:minSdkVersion="23"
9        android:targetSdkVersion="34" />
10
11    <uses-permission android:name="android.permission.INTERNET" />
11-->src/main/AndroidManifest.xml:3:5-67
11-->src/main/AndroidManifest.xml:3:22-64
12    <uses-permission android:name="android.permission.ACCESS_FINE_LOCATION" />
12-->src/main/AndroidManifest.xml:4:5-79
12-->src/main/AndroidManifest.xml:4:22-76
13    <!--
14    This manifest file is used only by Gradle to configure debug-only capabilities
15    for React Native Apps.
16    -->
17    <uses-permission android:name="android.permission.SYSTEM_ALERT_WINDOW" /> <!-- Include required permissions for Google Maps API to run. -->
17-->[com.facebook.react:react-android:0.75.2] AndroidManifest.xml:16:5-78
17-->[com.facebook.react:react-android:0.75.2] AndroidManifest.xml:16:22-75
18    <uses-permission android:name="android.permission.ACCESS_NETWORK_STATE" />
18-->[com.google.android.gms:play-services-maps:18.2.0] AndroidManifest.xml:23:5-79
18-->[com.google.android.gms:play-services-maps:18.2.0] AndroidManifest.xml:23:22-76
19
20    <uses-feature
20-->[com.google.android.gms:play-services-maps:18.2.0] AndroidManifest.xml:26:5-28:35
21        android:glEsVersion="0x00020000"
21-->[com.google.android.gms:play-services-maps:18.2.0] AndroidManifest.xml:27:9-41
22        android:required="true" />
22-->[com.google.android.gms:play-services-maps:18.2.0] AndroidManifest.xml:28:9-32
23
24    <queries>
24-->[com.google.android.gms:play-services-maps:18.2.0] AndroidManifest.xml:30:5-34:15
25
26        <!-- Needs to be explicitly declared on Android R+ -->
27        <package android:name="com.google.android.apps.maps" />
27-->[com.google.android.gms:play-services-maps:18.2.0] AndroidManifest.xml:33:9-64
27-->[com.google.android.gms:play-services-maps:18.2.0] AndroidManifest.xml:33:18-61
28    </queries>
29
30    <uses-permission android:name="android.permission.WAKE_LOCK" />
30-->[androidx.work:work-runtime:2.7.1] AndroidManifest.xml:25:5-68
30-->[androidx.work:work-runtime:2.7.1] AndroidManifest.xml:25:22-65
31    <uses-permission android:name="android.permission.RECEIVE_BOOT_COMPLETED" />
31-->[androidx.work:work-runtime:2.7.1] AndroidManifest.xml:27:5-81
31-->[androidx.work:work-runtime:2.7.1] AndroidManifest.xml:27:22-78
32    <uses-permission android:name="android.permission.FOREGROUND_SERVICE" />
32-->[androidx.work:work-runtime:2.7.1] AndroidManifest.xml:28:5-77
32-->[androidx.work:work-runtime:2.7.1] AndroidManifest.xml:28:22-74
33
34    <permission
34-->[androidx.core:core:1.9.0] AndroidManifest.xml:22:5-24:47
35        android:name="com.venuebot.DYNAMIC_RECEIVER_NOT_EXPORTED_PERMISSION"
35-->[androidx.core:core:1.9.0] AndroidManifest.xml:23:9-81
36        android:protectionLevel="signature" />
36-->[androidx.core:core:1.9.0] AndroidManifest.xml:24:9-44
37
38    <uses-permission android:name="com.venuebot.DYNAMIC_RECEIVER_NOT_EXPORTED_PERMISSION" />
38-->[androidx.core:core:1.9.0] AndroidManifest.xml:26:5-97
38-->[androidx.core:core:1.9.0] AndroidManifest.xml:26:22-94
39
40    <application
40-->src/main/AndroidManifest.xml:6:5-30:19
41        android:name="com.venuebot.MainApplication"
41-->src/main/AndroidManifest.xml:7:7-38
42        android:allowBackup="false"
42-->src/main/AndroidManifest.xml:11:7-34
43        android:appComponentFactory="androidx.core.app.CoreComponentFactory"
43-->[androidx.core:core:1.9.0] AndroidManifest.xml:28:18-86
44        android:debuggable="true"
45        android:extractNativeLibs="false"
46        android:icon="@mipmap/ic_launcher"
46-->src/main/AndroidManifest.xml:9:7-41
47        android:label="@string/app_name"
47-->src/main/AndroidManifest.xml:8:7-39
48        android:roundIcon="@mipmap/ic_launcher_round"
48-->src/main/AndroidManifest.xml:10:7-52
49        android:supportsRtl="true"
49-->src/main/AndroidManifest.xml:13:7-33
50        android:theme="@style/AppTheme"
50-->src/main/AndroidManifest.xml:12:7-38
51        android:usesCleartextTraffic="true" >
51-->src/debug/AndroidManifest.xml:6:9-44
52        <meta-data
52-->src/main/AndroidManifest.xml:14:7-16:66
53            android:name="com.google.android.geo.API_KEY"
53-->src/main/AndroidManifest.xml:15:9-54
54            android:value="AIzaSyDdj-1beJLCFhn_O98ugRZV-7ytcpPZ04Y" />
54-->src/main/AndroidManifest.xml:16:9-64
55
56        <activity
56-->src/main/AndroidManifest.xml:17:7-28:18
57            android:name="com.venuebot.MainActivity"
57-->src/main/AndroidManifest.xml:18:9-37
58            android:configChanges="keyboard|keyboardHidden|orientation|screenLayout|screenSize|smallestScreenSize|uiMode"
58-->src/main/AndroidManifest.xml:20:9-118
59            android:exported="true"
59-->src/main/AndroidManifest.xml:23:9-32
60            android:label="@string/app_name"
60-->src/main/AndroidManifest.xml:19:9-41
61            android:launchMode="singleTask"
61-->src/main/AndroidManifest.xml:21:9-40
62            android:windowSoftInputMode="adjustResize" >
62-->src/main/AndroidManifest.xml:22:9-51
63            <intent-filter>
63-->src/main/AndroidManifest.xml:24:9-27:25
64                <action android:name="android.intent.action.MAIN" />
64-->src/main/AndroidManifest.xml:25:13-65
64-->src/main/AndroidManifest.xml:25:21-62
65
66                <category android:name="android.intent.category.LAUNCHER" />
66-->src/main/AndroidManifest.xml:26:13-73
66-->src/main/AndroidManifest.xml:26:23-70
67            </intent-filter>
68        </activity>
69
70        <meta-deta android:name="" />
70-->src/main/AndroidManifest.xml:29:7-36
70-->src/main/AndroidManifest.xml:29:18-33
71
72        <activity
72-->[com.facebook.react:react-android:0.75.2] AndroidManifest.xml:19:9-21:40
73            android:name="com.facebook.react.devsupport.DevSettingsActivity"
73-->[com.facebook.react:react-android:0.75.2] AndroidManifest.xml:20:13-77
74            android:exported="false" />
74-->[com.facebook.react:react-android:0.75.2] AndroidManifest.xml:21:13-37
75
76        <meta-data
76-->[com.google.maps.android:android-maps-utils:3.8.2] AndroidManifest.xml:8:9-10:69
77            android:name="com.google.android.gms.version"
77-->[com.google.maps.android:android-maps-utils:3.8.2] AndroidManifest.xml:9:13-58
78            android:value="@integer/google_play_services_version" /> <!-- Needs to be explicitly declared on P+ -->
78-->[com.google.maps.android:android-maps-utils:3.8.2] AndroidManifest.xml:10:13-66
79        <uses-library
79-->[com.google.android.gms:play-services-maps:18.2.0] AndroidManifest.xml:39:9-41:40
80            android:name="org.apache.http.legacy"
80-->[com.google.android.gms:play-services-maps:18.2.0] AndroidManifest.xml:40:13-50
81            android:required="false" />
81-->[com.google.android.gms:play-services-maps:18.2.0] AndroidManifest.xml:41:13-37
82
83        <activity
83-->[com.google.android.gms:play-services-base:18.2.0] AndroidManifest.xml:20:9-22:45
84            android:name="com.google.android.gms.common.api.GoogleApiActivity"
84-->[com.google.android.gms:play-services-base:18.2.0] AndroidManifest.xml:20:19-85
85            android:exported="false"
85-->[com.google.android.gms:play-services-base:18.2.0] AndroidManifest.xml:22:19-43
86            android:theme="@android:style/Theme.Translucent.NoTitleBar" />
86-->[com.google.android.gms:play-services-base:18.2.0] AndroidManifest.xml:21:19-78
87
88        <provider
88-->[androidx.work:work-runtime:2.7.1] AndroidManifest.xml:31:9-39:20
89            android:name="androidx.startup.InitializationProvider"
89-->[androidx.work:work-runtime:2.7.1] AndroidManifest.xml:32:13-67
90            android:authorities="com.venuebot.androidx-startup"
90-->[androidx.work:work-runtime:2.7.1] AndroidManifest.xml:33:13-68
91            android:exported="false" >
91-->[androidx.work:work-runtime:2.7.1] AndroidManifest.xml:34:13-37
92            <meta-data
92-->[androidx.work:work-runtime:2.7.1] AndroidManifest.xml:36:13-38:52
93                android:name="androidx.work.WorkManagerInitializer"
93-->[androidx.work:work-runtime:2.7.1] AndroidManifest.xml:37:17-68
94                android:value="androidx.startup" />
94-->[androidx.work:work-runtime:2.7.1] AndroidManifest.xml:38:17-49
95            <meta-data
95-->[androidx.emoji2:emoji2:1.2.0] AndroidManifest.xml:29:13-31:52
96                android:name="androidx.emoji2.text.EmojiCompatInitializer"
96-->[androidx.emoji2:emoji2:1.2.0] AndroidManifest.xml:30:17-75
97                android:value="androidx.startup" />
97-->[androidx.emoji2:emoji2:1.2.0] AndroidManifest.xml:31:17-49
98            <meta-data
98-->[androidx.lifecycle:lifecycle-process:2.4.1] AndroidManifest.xml:31:13-33:52
99                android:name="androidx.lifecycle.ProcessLifecycleInitializer"
99-->[androidx.lifecycle:lifecycle-process:2.4.1] AndroidManifest.xml:32:17-78
100                android:value="androidx.startup" />
100-->[androidx.lifecycle:lifecycle-process:2.4.1] AndroidManifest.xml:33:17-49
101        </provider>
102
103        <service
103-->[androidx.work:work-runtime:2.7.1] AndroidManifest.xml:41:9-46:35
104            android:name="androidx.work.impl.background.systemalarm.SystemAlarmService"
104-->[androidx.work:work-runtime:2.7.1] AndroidManifest.xml:42:13-88
105            android:directBootAware="false"
105-->[androidx.work:work-runtime:2.7.1] AndroidManifest.xml:43:13-44
106            android:enabled="@bool/enable_system_alarm_service_default"
106-->[androidx.work:work-runtime:2.7.1] AndroidManifest.xml:44:13-72
107            android:exported="false" />
107-->[androidx.work:work-runtime:2.7.1] AndroidManifest.xml:45:13-37
108        <service
108-->[androidx.work:work-runtime:2.7.1] AndroidManifest.xml:47:9-53:35
109            android:name="androidx.work.impl.background.systemjob.SystemJobService"
109-->[androidx.work:work-runtime:2.7.1] AndroidManifest.xml:48:13-84
110            android:directBootAware="false"
110-->[androidx.work:work-runtime:2.7.1] AndroidManifest.xml:49:13-44
111            android:enabled="@bool/enable_system_job_service_default"
111-->[androidx.work:work-runtime:2.7.1] AndroidManifest.xml:50:13-70
112            android:exported="true"
112-->[androidx.work:work-runtime:2.7.1] AndroidManifest.xml:51:13-36
113            android:permission="android.permission.BIND_JOB_SERVICE" />
113-->[androidx.work:work-runtime:2.7.1] AndroidManifest.xml:52:13-69
114        <service
114-->[androidx.work:work-runtime:2.7.1] AndroidManifest.xml:54:9-59:35
115            android:name="androidx.work.impl.foreground.SystemForegroundService"
115-->[androidx.work:work-runtime:2.7.1] AndroidManifest.xml:55:13-81
116            android:directBootAware="false"
116-->[androidx.work:work-runtime:2.7.1] AndroidManifest.xml:56:13-44
117            android:enabled="@bool/enable_system_foreground_service_default"
117-->[androidx.work:work-runtime:2.7.1] AndroidManifest.xml:57:13-77
118            android:exported="false" />
118-->[androidx.work:work-runtime:2.7.1] AndroidManifest.xml:58:13-37
119
120        <receiver
120-->[androidx.work:work-runtime:2.7.1] AndroidManifest.xml:61:9-66:35
121            android:name="androidx.work.impl.utils.ForceStopRunnable$BroadcastReceiver"
121-->[androidx.work:work-runtime:2.7.1] AndroidManifest.xml:62:13-88
122            android:directBootAware="false"
122-->[androidx.work:work-runtime:2.7.1] AndroidManifest.xml:63:13-44
123            android:enabled="true"
123-->[androidx.work:work-runtime:2.7.1] AndroidManifest.xml:64:13-35
124            android:exported="false" />
124-->[androidx.work:work-runtime:2.7.1] AndroidManifest.xml:65:13-37
125        <receiver
125-->[androidx.work:work-runtime:2.7.1] AndroidManifest.xml:67:9-77:20
126            android:name="androidx.work.impl.background.systemalarm.ConstraintProxy$BatteryChargingProxy"
126-->[androidx.work:work-runtime:2.7.1] AndroidManifest.xml:68:13-106
127            android:directBootAware="false"
127-->[androidx.work:work-runtime:2.7.1] AndroidManifest.xml:69:13-44
128            android:enabled="false"
128-->[androidx.work:work-runtime:2.7.1] AndroidManifest.xml:70:13-36
129            android:exported="false" >
129-->[androidx.work:work-runtime:2.7.1] AndroidManifest.xml:71:13-37
130            <intent-filter>
130-->[androidx.work:work-runtime:2.7.1] AndroidManifest.xml:73:13-76:29
131                <action android:name="android.intent.action.ACTION_POWER_CONNECTED" />
131-->[androidx.work:work-runtime:2.7.1] AndroidManifest.xml:74:17-87
131-->[androidx.work:work-runtime:2.7.1] AndroidManifest.xml:74:25-84
132                <action android:name="android.intent.action.ACTION_POWER_DISCONNECTED" />
132-->[androidx.work:work-runtime:2.7.1] AndroidManifest.xml:75:17-90
132-->[androidx.work:work-runtime:2.7.1] AndroidManifest.xml:75:25-87
133            </intent-filter>
134        </receiver>
135        <receiver
135-->[androidx.work:work-runtime:2.7.1] AndroidManifest.xml:78:9-88:20
136            android:name="androidx.work.impl.background.systemalarm.ConstraintProxy$BatteryNotLowProxy"
136-->[androidx.work:work-runtime:2.7.1] AndroidManifest.xml:79:13-104
137            android:directBootAware="false"
137-->[androidx.work:work-runtime:2.7.1] AndroidManifest.xml:80:13-44
138            android:enabled="false"
138-->[androidx.work:work-runtime:2.7.1] AndroidManifest.xml:81:13-36
139            android:exported="false" >
139-->[androidx.work:work-runtime:2.7.1] AndroidManifest.xml:82:13-37
140            <intent-filter>
140-->[androidx.work:work-runtime:2.7.1] AndroidManifest.xml:84:13-87:29
141                <action android:name="android.intent.action.BATTERY_OKAY" />
141-->[androidx.work:work-runtime:2.7.1] AndroidManifest.xml:85:17-77
141-->[androidx.work:work-runtime:2.7.1] AndroidManifest.xml:85:25-74
142                <action android:name="android.intent.action.BATTERY_LOW" />
142-->[androidx.work:work-runtime:2.7.1] AndroidManifest.xml:86:17-76
142-->[androidx.work:work-runtime:2.7.1] AndroidManifest.xml:86:25-73
143            </intent-filter>
144        </receiver>
145        <receiver
145-->[androidx.work:work-runtime:2.7.1] AndroidManifest.xml:89:9-99:20
146            android:name="androidx.work.impl.background.systemalarm.ConstraintProxy$StorageNotLowProxy"
146-->[androidx.work:work-runtime:2.7.1] AndroidManifest.xml:90:13-104
147            android:directBootAware="false"
147-->[androidx.work:work-runtime:2.7.1] AndroidManifest.xml:91:13-44
148            android:enabled="false"
148-->[androidx.work:work-runtime:2.7.1] AndroidManifest.xml:92:13-36
149            android:exported="false" >
149-->[androidx.work:work-runtime:2.7.1] AndroidManifest.xml:93:13-37
150            <intent-filter>
150-->[androidx.work:work-runtime:2.7.1] AndroidManifest.xml:95:13-98:29
151                <action android:name="android.intent.action.DEVICE_STORAGE_LOW" />
151-->[androidx.work:work-runtime:2.7.1] AndroidManifest.xml:96:17-83
151-->[androidx.work:work-runtime:2.7.1] AndroidManifest.xml:96:25-80
152                <action android:name="android.intent.action.DEVICE_STORAGE_OK" />
152-->[androidx.work:work-runtime:2.7.1] AndroidManifest.xml:97:17-82
152-->[androidx.work:work-runtime:2.7.1] AndroidManifest.xml:97:25-79
153            </intent-filter>
154        </receiver>
155        <receiver
155-->[androidx.work:work-runtime:2.7.1] AndroidManifest.xml:100:9-109:20
156            android:name="androidx.work.impl.background.systemalarm.ConstraintProxy$NetworkStateProxy"
156-->[androidx.work:work-runtime:2.7.1] AndroidManifest.xml:101:13-103
157            android:directBootAware="false"
157-->[androidx.work:work-runtime:2.7.1] AndroidManifest.xml:102:13-44
158            android:enabled="false"
158-->[androidx.work:work-runtime:2.7.1] AndroidManifest.xml:103:13-36
159            android:exported="false" >
159-->[androidx.work:work-runtime:2.7.1] AndroidManifest.xml:104:13-37
160            <intent-filter>
160-->[androidx.work:work-runtime:2.7.1] AndroidManifest.xml:106:13-108:29
161                <action android:name="android.net.conn.CONNECTIVITY_CHANGE" />
161-->[androidx.work:work-runtime:2.7.1] AndroidManifest.xml:107:17-79
161-->[androidx.work:work-runtime:2.7.1] AndroidManifest.xml:107:25-76
162            </intent-filter>
163        </receiver>
164        <receiver
164-->[androidx.work:work-runtime:2.7.1] AndroidManifest.xml:110:9-121:20
165            android:name="androidx.work.impl.background.systemalarm.RescheduleReceiver"
165-->[androidx.work:work-runtime:2.7.1] AndroidManifest.xml:111:13-88
166            android:directBootAware="false"
166-->[androidx.work:work-runtime:2.7.1] AndroidManifest.xml:112:13-44
167            android:enabled="false"
167-->[androidx.work:work-runtime:2.7.1] AndroidManifest.xml:113:13-36
168            android:exported="false" >
168-->[androidx.work:work-runtime:2.7.1] AndroidManifest.xml:114:13-37
169            <intent-filter>
169-->[androidx.work:work-runtime:2.7.1] AndroidManifest.xml:116:13-120:29
170                <action android:name="android.intent.action.BOOT_COMPLETED" />
170-->[androidx.work:work-runtime:2.7.1] AndroidManifest.xml:117:17-79
170-->[androidx.work:work-runtime:2.7.1] AndroidManifest.xml:117:25-76
171                <action android:name="android.intent.action.TIME_SET" />
171-->[androidx.work:work-runtime:2.7.1] AndroidManifest.xml:118:17-73
171-->[androidx.work:work-runtime:2.7.1] AndroidManifest.xml:118:25-70
172                <action android:name="android.intent.action.TIMEZONE_CHANGED" />
172-->[androidx.work:work-runtime:2.7.1] AndroidManifest.xml:119:17-81
172-->[androidx.work:work-runtime:2.7.1] AndroidManifest.xml:119:25-78
173            </intent-filter>
174        </receiver>
175        <receiver
175-->[androidx.work:work-runtime:2.7.1] AndroidManifest.xml:122:9-131:20
176            android:name="androidx.work.impl.background.systemalarm.ConstraintProxyUpdateReceiver"
176-->[androidx.work:work-runtime:2.7.1] AndroidManifest.xml:123:13-99
177            android:directBootAware="false"
177-->[androidx.work:work-runtime:2.7.1] AndroidManifest.xml:124:13-44
178            android:enabled="@bool/enable_system_alarm_service_default"
178-->[androidx.work:work-runtime:2.7.1] AndroidManifest.xml:125:13-72
179            android:exported="false" >
179-->[androidx.work:work-runtime:2.7.1] AndroidManifest.xml:126:13-37
180            <intent-filter>
180-->[androidx.work:work-runtime:2.7.1] AndroidManifest.xml:128:13-130:29
181                <action android:name="androidx.work.impl.background.systemalarm.UpdateProxies" />
181-->[androidx.work:work-runtime:2.7.1] AndroidManifest.xml:129:17-98
181-->[androidx.work:work-runtime:2.7.1] AndroidManifest.xml:129:25-95
182            </intent-filter>
183        </receiver>
184        <receiver
184-->[androidx.work:work-runtime:2.7.1] AndroidManifest.xml:132:9-142:20
185            android:name="androidx.work.impl.diagnostics.DiagnosticsReceiver"
185-->[androidx.work:work-runtime:2.7.1] AndroidManifest.xml:133:13-78
186            android:directBootAware="false"
186-->[androidx.work:work-runtime:2.7.1] AndroidManifest.xml:134:13-44
187            android:enabled="true"
187-->[androidx.work:work-runtime:2.7.1] AndroidManifest.xml:135:13-35
188            android:exported="true"
188-->[androidx.work:work-runtime:2.7.1] AndroidManifest.xml:136:13-36
189            android:permission="android.permission.DUMP" >
189-->[androidx.work:work-runtime:2.7.1] AndroidManifest.xml:137:13-57
190            <intent-filter>
190-->[androidx.work:work-runtime:2.7.1] AndroidManifest.xml:139:13-141:29
191                <action android:name="androidx.work.diagnostics.REQUEST_DIAGNOSTICS" />
191-->[androidx.work:work-runtime:2.7.1] AndroidManifest.xml:140:17-88
191-->[androidx.work:work-runtime:2.7.1] AndroidManifest.xml:140:25-85
192            </intent-filter>
193        </receiver>
194
195        <service
195-->[androidx.room:room-runtime:2.2.5] AndroidManifest.xml:25:9-28:40
196            android:name="androidx.room.MultiInstanceInvalidationService"
196-->[androidx.room:room-runtime:2.2.5] AndroidManifest.xml:26:13-74
197            android:directBootAware="true"
197-->[androidx.room:room-runtime:2.2.5] AndroidManifest.xml:27:13-43
198            android:exported="false" />
198-->[androidx.room:room-runtime:2.2.5] AndroidManifest.xml:28:13-37
199
200        <meta-data
200-->[com.facebook.soloader:soloader:0.11.0] AndroidManifest.xml:12:9-14:37
201            android:name="com.facebook.soloader.enabled"
201-->[com.facebook.soloader:soloader:0.11.0] AndroidManifest.xml:13:13-57
202            android:value="false" />
202-->[com.facebook.soloader:soloader:0.11.0] AndroidManifest.xml:14:13-34
203    </application>
204
205</manifest>